\BOOKMARK [0][-]{chapter.1}{\376\377\000I\000n\000t\000r\000o\000d\000u\000c\000t\000i\000o\000n}{}% 1
\BOOKMARK [1][-]{section.1.1}{\376\377\000A\000b\000o\000u\000t\000\040\000t\000h\000i\000s\000\040\000c\000o\000u\000r\000s\000e}{chapter.1}% 2
\BOOKMARK [1][-]{section.1.2}{\376\377\000C\000o\000u\000r\000s\000\040\000G\000r\000a\000d\000i\000n\000g}{chapter.1}% 3
\BOOKMARK [2][-]{subsection.1.2.1}{\376\377\000H\000o\000w\000\040\000t\000o\000\040\000b\000e\000\040\000e\000f\000f\000i\000c\000i\000e\000n\000t\000\040\000a\000n\000d\000\040\000d\000o\000\040\000w\000e\000l\000l\000\040\000i\000n\000\040\000t\000h\000i\000s\000\040\000c\000o\000u\000r\000s\000e}{section.1.2}% 4
\BOOKMARK [0][-]{chapter.2}{\376\377\000E\000n\000t\000r\000o\000p\000y}{}% 5
\BOOKMARK [1][-]{section.2.1}{\376\377\000I\000n\000i\000t\000i\000a\000l\000\040\000c\000a\000s\000e\000:\000\040\000F\000i\000n\000i\000t\000e\000\040\000:\000\040\000s\000e\000t\000\040\000o\000f\000\040\000a\000l\000l\000\040\000p\000o\000s\000s\000i\000b\000l\000i\000e\000\040\000o\000u\000t\000c\000o\000m\000e\000s}{chapter.2}% 6
\BOOKMARK [1][-]{section.2.2}{\376\377\000C\000o\000n\000d\000i\000t\000i\000o\000n\000a\000l\000\040\000P\000r\000o\000b\000a\000b\000i\000l\000i\000t\000y}{chapter.2}% 7
\BOOKMARK [1][-]{section.2.3}{\376\377\000C\000o\000n\000d\000i\000t\000i\000o\000n\000a\000l\000\040\000p\000r\000o\000b\000a\000b\000i\000l\000i\000t\000y\000\040\000a\000n\000d\000\040\000I\000n\000d\000e\000p\000e\000n\000d\000e\000n\000t\000\040\000E\000v\000e\000n\000t\000s}{chapter.2}% 8
\BOOKMARK [1][-]{section.2.4}{\376\377\000R\000a\000n\000d\000o\000m\000\040\000v\000a\000r\000i\000a\000b\000l\000e}{chapter.2}% 9
\BOOKMARK [2][-]{subsection.2.4.1}{\376\377\000T\000w\000o\000\040\000r\000a\000n\000d\000o\000m\000\040\000v\000a\000r\000i\000a\000b\000l\000e\000s}{section.2.4}% 10
\BOOKMARK [1][-]{section.2.5}{\376\377\000E\000x\000p\000e\000c\000t\000e\000d\000\040\000V\000a\000l\000u\000e}{chapter.2}% 11
\BOOKMARK [1][-]{section.2.6}{\376\377\000E\000n\000t\000r\000o\000p\000y}{chapter.2}% 12
\BOOKMARK [2][-]{subsection.2.6.1}{\376\377\000I\000n\000f\000o\000r\000m\000a\000t\000i\000o\000n\000-\000T\000h\000e\000o\000r\000y\000\040\000I\000n\000e\000q\000u\000a\000l\000i\000t\000y}{section.2.6}% 13
\BOOKMARK [2][-]{subsection.2.6.2}{\376\377\000R\000a\000n\000d\000o\000m\000\040\000v\000a\000r\000i\000a\000b\000l\000e\000s\000\040\000a\000n\000d\000\040\000E\000n\000t\000r\000o\000p\000y}{section.2.6}% 14
\BOOKMARK [2][-]{subsection.2.6.3}{\376\377\000E\000n\000t\000r\000o\000p\000y\000\040\000b\000o\000u\000n\000d\000s}{section.2.6}% 15
\BOOKMARK [1][-]{section.2.7}{\376\377\000S\000o\000u\000r\000c\000e\000\040\000C\000o\000d\000i\000n\000g\000\040\000P\000u\000r\000p\000o\000s\000e}{chapter.2}% 16
\BOOKMARK [2][-]{subsection.2.7.1}{\376\377\000S\000e\000t\000u\000p}{section.2.7}% 17
\BOOKMARK [2][-]{subsection.2.7.2}{\376\377\000C\000o\000d\000e\000w\000o\000r\000d\000\040\000l\000e\000n\000g\000t\000h}{section.2.7}% 18
\BOOKMARK [2][-]{subsection.2.7.3}{\376\377\000K\000r\000a\000f\000t\000\040\000M\000c\000M\000i\000l\000l\000a\000n}{section.2.7}% 19
\BOOKMARK [2][-]{subsection.2.7.4}{\376\377\000I\000m\000p\000o\000r\000t\000a\000n\000t\000\040\000C\000o\000n\000s\000e\000q\000u\000e\000n\000c\000e\000\040\000o\000f\000\040\000K\000r\000a\000f\000t\000\040\000M\000c\000M\000i\000l\000l\000a\000n}{section.2.7}% 20
\BOOKMARK [2][-]{subsection.2.7.5}{\376\377\000R\000a\000n\000d\000o\000m\000\040\000P\000r\000o\000c\000e\000s\000s\000e\000s}{section.2.7}% 21
\BOOKMARK [2][-]{subsection.2.7.6}{\376\377\000P\000r\000e\000d\000i\000c\000t\000i\000o\000n\000,\000\040\000L\000e\000a\000r\000n\000i\000n\000g\000\040\000a\000n\000d\000\040\000c\000r\000o\000s\000s\000-\000E\000n\000t\000r\000o\000p\000y\000\040\000L\000o\000s\000s}{section.2.7}% 22
\BOOKMARK [1][-]{section.2.8}{\376\377\000S\000u\000m\000m\000a\000r\000y\000\040\000o\000f\000\040\000c\000h\000a\000p\000t\000e\000r\000\040\0001}{chapter.2}% 23
\BOOKMARK [0][-]{chapter.3}{\376\377\000C\000r\000y\000p\000t\000o\000g\000r\000a\000p\000h\000y}{}% 24
\BOOKMARK [1][-]{section.3.1}{\376\377\000O\000n\000e\000-\000T\000i\000m\000e\000\040\000p\000a\000d\000,\000\040\000P\000e\000r\000f\000e\000c\000t\000\040\000S\000e\000c\000r\000e\000c\000y\000,\000\040\000P\000u\000b\000l\000i\000c\000-\000K\000e\000y}{chapter.3}% 25
\BOOKMARK [1][-]{section.3.2}{\376\377\000N\000u\000m\000b\000e\000r\000\040\000t\000h\000e\000o\000r\000y}{chapter.3}% 26
\BOOKMARK [2][-]{subsubsection*.151}{\376\377\000Z\000/\000\040\000p\000Z}{section.3.2}% 27
\BOOKMARK [2][-]{subsection.3.2.1}{\376\377\000C\000o\000m\000m\000u\000t\000a\000t\000i\000v\000e\000\040\000G\000r\000o\000u\000p}{section.3.2}% 28
\BOOKMARK [3][-]{subsubsection*.157}{\376\377\000E\000u\000l\000e\000r\000\040\000f\000u\000n\000c\000t\000i\000o\000n}{subsection.3.2.1}% 29
\BOOKMARK [2][-]{subsection.3.2.2}{\376\377\000R\000S\000A\000,\000\040\000R\000i\000v\000e\000s\000t}{section.3.2}% 30
\BOOKMARK [1][-]{section.3.3}{\376\377\000D\000i\000g\000i\000t\000a\000l\000\040\000s\000i\000g\000n\000a\000t\000u\000r\000e}{chapter.3}% 31
\BOOKMARK [2][-]{subsection.3.3.1}{\376\377\000S\000u\000m\000m\000a\000r\000y\000\040\000o\000f\000\040\000c\000h\000a\000p\000t\000e\000r\000\040\0002}{section.3.3}% 32
\BOOKMARK [2][-]{subsection.3.3.2}{\376\377\000N\000u\000m\000b\000e\000r\000\040\000t\000h\000e\000o\000r\000y\000\040\000a\000n\000d\000\040\000a\000l\000g\000e\000b\000r\000a}{section.3.3}% 33
\BOOKMARK [3][-]{subsubsection*.187}{\376\377\000C\000o\000m\000p\000u\000t\000a\000t\000i\000o\000n\000a\000l\000l\000y\000\040\000h\000a\000r\000d\000\040\000p\000r\000o\000b\000l\000e\000m}{subsection.3.3.2}% 34
\BOOKMARK [0][-]{chapter.4}{\376\377\000E\000r\000r\000o\000r\000\040\000C\000h\000a\000n\000n\000e\000l}{}% 35
\BOOKMARK [1][-]{section.4.1}{\376\377\000H\000a\000m\000m\000i\000n\000g\000\040\000D\000i\000s\000t\000a\000n\000c\000e}{chapter.4}% 36
\BOOKMARK [1][-]{section.4.2}{\376\377\000F\000i\000n\000i\000t\000e\000\040\000F\000i\000e\000l\000d\000s\000\040\000a\000n\000d\000\040\000V\000e\000c\000t\000o\000r\000\040\000s\000p\000a\000c\000e\000s}{chapter.4}% 37
\BOOKMARK [2][-]{subsection.4.2.1}{\376\377\000R\000a\000n\000k\000\040\000o\000f\000\040\000m\000a\000t\000r\000i\000x}{section.4.2}% 38
\BOOKMARK [1][-]{section.4.3}{\376\377\000V\000e\000c\000t\000o\000r\000\040\000S\000p\000a\000c\000e\000s\000\040\000a\000n\000d\000\040\000L\000i\000n\000e\000a\000r\000\040\000C\000o\000d\000e\000s}{chapter.4}% 39
\BOOKMARK [2][-]{subsubsection*.244}{\376\377\000G\000e\000n\000e\000r\000a\000t\000o\000r\000\040\000M\000a\000t\000r\000i\000x}{section.4.3}% 40
\BOOKMARK [3][-]{subsubsection*.256}{\376\377\000P\000a\000r\000i\000t\000y\000\040\000C\000h\000e\000c\000k\000\040\000M\000a\000t\000r\000i\000x}{subsubsection*.244}% 41
\BOOKMARK [2][-]{subsection.4.3.1}{\376\377\000S\000u\000m\000m\000a\000r\000y}{section.4.3}% 42
\BOOKMARK [3][-]{subsubsection*.266}{\376\377\000S\000t\000a\000n\000d\000a\000r\000d\000\040\000A\000r\000r\000a\000y\000:\000\040\000B\000a\000c\000k\000g\000r\000o\000u\000n\000d\000\040\000M\000a\000t\000e\000r\000i\000a\000l}{subsection.4.3.1}% 43
\BOOKMARK [1][-]{section.4.4}{\376\377\000R\000e\000e\000d\000\040\000S\000o\000l\000o\000m\000o\000n\000\040\000C\000o\000d\000e\000s}{chapter.4}% 44
\BOOKMARK [2][-]{subsection.4.4.1}{\376\377\000R\000e\000e\000d\000\040\000S\000o\000l\000o\000m\000o\000n}{section.4.4}% 45
\BOOKMARK [1][-]{section.4.5}{\376\377\000Q\000u\000i\000z\000\040\0005}{chapter.4}% 46
